1516859892864	geckodriver	INFO	geckodriver 0.19.1
1516859892871	geckodriver	INFO	Listening on 127.0.0.1:51515
1516859896085	mozrunner::runner	INFO	Running command: "C:\\Program Files (x86)\\Mozilla Firefox\\firefox.exe" "-marionette" "-profile" "C:\\Users\\Yangtze\\AppData\\Local\\Temp\\rust_mozprofile.4J6t86pJ69ux"
1516859897615	addons.xpi	WARN	Error parsing extensions state: [Exception... "Component returned failure code: 0x80520012 (NS_ERROR_FILE_NOT_FOUND) [amIAddonManagerStartup.readStartupData]"  nsresult: "0x80520012 (NS_ERROR_FILE_NOT_FOUND)"  location: "JS frame :: resource://gre/modules/addons/XPIProvider.jsm :: loadExtensionState :: line 1596"  data: no] Stack trace: loadExtensionState()@resource://gre/modules/addons/XPIProvider.jsm:1596 < getInstallState()@resource://gre/modules/addons/XPIProvider.jsm:1631 < checkForChanges()@resource://gre/modules/addons/XPIProvider.jsm:3152 < startup()@resource://gre/modules/addons/XPIProvider.jsm:2246 < callProvider()@resource://gre/modules/AddonManager.jsm:271 < _startProvider()@resource://gre/modules/AddonManager.jsm:741 < startup()@resource://gre/modules/AddonManager.jsm:908 < startup()@resource://gre/modules/AddonManager.jsm:3122 < observe()@jar:file:///C:/Program%20Files%20(x86)/Mozilla%20Firefox/omni.ja!/components/addonManager.js:65
1516859898630	Marionette	INFO	Enabled via --marionette
[GPU 21856] WARNING: pipe error: 109: file c:/builds/moz2_slave/m-rel-w32-00000000000000000000/build/src/ipc/chromium/src/chrome/common/ipc_channel_win.cc, line 346
1516859905062	Marionette	INFO	Listening on port 51534
1516859905092	Marionette	INFO	Listening on port 51534
1516859905917	Marionette	WARN	TLS certificate errors will be ignored for this session
1516859906012	Marionette	DEBUG	loaded listener.js
1516859910710	Marionette	DEBUG	Received DOM event "beforeunload" for "about:blank"
1516859911653	Marionette	DEBUG	Received DOM event "pagehide" for "about:blank"
1516859911654	Marionette	DEBUG	Received DOM event "unload" for "about:blank"
JavaScript error: http://s1.bdstatic.com/r/www/cache/static/plugins/every_cookie_4644b13.js, line 4: ReferenceError: c is not defined
1516859913959	Marionette	DEBUG	Received DOM event "DOMContentLoaded" for "http://www.baidu.com/"
1516859914562	Marionette	DEBUG	Received DOM event "pageshow" for "http://www.baidu.com/"
1516859920152	Marionette	DEBUG	Received DOM event "beforeunload" for "http://www.baidu.com/"
1516859920277	Marionette	DEBUG	Received DOM event "pagehide" for "http://www.baidu.com/"
1516859920278	Marionette	DEBUG	Received DOM event "unload" for "http://www.baidu.com/"
JavaScript error: https://ss1.bdstatic.com/5eN1bjq8AAUYm2zgoY3K/r/www/cache/static/protocol/https/plugins/every_cookie_4644b13.js, line 4: ReferenceError: c is not defined
1516859921433	Marionette	DEBUG	Received DOM event "DOMContentLoaded" for "https://www.baidu.com/s?ie=UTF-8&wd=%E4%B8%96%E7%95%8C%E4%B8%8A%E6%9C%80%E9%AB%98%E7%9A%84%E5%B1%B1%E5%B3%B0%E6%98%AF"
1516859921935	Marionette	DEBUG	Received DOM event "pageshow" for "https://www.baidu.com/s?ie=UTF-8&wd=%E4%B8%96%E7%95%8C%E4%B8%8A%E6%9C%80%E9%AB%98%E7%9A%84%E5%B1%B1%E5%B3%B0%E6%98%AF"
[GPU 21856] WARNING: pipe error: 109: file c:/builds/moz2_slave/m-rel-w32-00000000000000000000/build/src/ipc/chromium/src/chrome/common/ipc_channel_win.cc, line 346
[Child 17784] WARNING: pipe error: 109: file c:/builds/moz2_slave/m-rel-w32-00000000000000000000/build/src/ipc/chromium/src/chrome/common/ipc_channel_win.cc, line 346
[Child 17784] WARNING: pipe error: 109: file c:/builds/moz2_slave/m-rel-w32-00000000000000000000/build/src/ipc/chromium/src/chrome/common/ipc_channel_win.cc, line 346
[GPU 21856] WARNING: pipe error: 109: file c:/builds/moz2_slave/m-rel-w32-00000000000000000000/build/src/ipc/chromium/src/chrome/common/ipc_channel_win.cc, line 346

###!!! [Child][MessageChannel::SendAndWait] Error: Channel error: cannot send/recv

1516860047688	geckodriver	INFO	geckodriver 0.19.1
1516860047696	geckodriver	INFO	Listening on 127.0.0.1:52555
1516860050773	mozrunner::runner	INFO	Running command: "C:\\Program Files (x86)\\Mozilla Firefox\\firefox.exe" "-marionette" "-profile" "C:\\Users\\Yangtze\\AppData\\Local\\Temp\\rust_mozprofile.jqjOx41aybU3"
1516860050986	addons.xpi	WARN	Error parsing extensions state: [Exception... "Component returned failure code: 0x80520012 (NS_ERROR_FILE_NOT_FOUND) [amIAddonManagerStartup.readStartupData]"  nsresult: "0x80520012 (NS_ERROR_FILE_NOT_FOUND)"  location: "JS frame :: resource://gre/modules/addons/XPIProvider.jsm :: loadExtensionState :: line 1554"  data: no] Stack trace: loadExtensionState()@resource://gre/modules/addons/XPIProvider.jsm:1554 < getInstallState()@resource://gre/modules/addons/XPIProvider.jsm:1589 < checkForChanges()@resource://gre/modules/addons/XPIProvider.jsm:3109 < startup()@resource://gre/modules/addons/XPIProvider.jsm:2188 < callProvider()@resource://gre/modules/AddonManager.jsm:269 < _startProvider()@resource://gre/modules/AddonManager.jsm:739 < startup()@resource://gre/modules/AddonManager.jsm:906 < startup()@resource://gre/modules/AddonManager.jsm:3090 < observe()@jar:file:///C:/Program%20Files%20(x86)/Mozilla%20Firefox/omni.ja!/components/addonManager.js:65
1516860051906	Marionette	INFO	Enabled via --marionette
[Child 13032] WARNING: pipe error: 109: file z:/build/build/src/ipc/chromium/src/chrome/common/ipc_channel_win.cc, line 346
[Child 13032] WARNING: pipe error: 109: file z:/build/build/src/ipc/chromium/src/chrome/common/ipc_channel_win.cc, line 346
1516860055403	Marionette	INFO	Listening on port 52563
1516860056001	Marionette	WARN	TLS certificate errors will be ignored for this session
1516860056029	Marionette	DEBUG	Register listener.js for window 4294967297
1516860060976	Marionette	DEBUG	Received DOM event "beforeunload" for "about:blank"
1516860062351	Marionette	DEBUG	Received DOM event "pagehide" for "about:blank"
1516860062351	Marionette	DEBUG	Received DOM event "unload" for "about:blank"
JavaScript error: https://ss1.bdstatic.com/5eN1bjq8AAUYm2zgoY3K/r/www/cache/static/protocol/https/plugins/every_cookie_4644b13.js, line 4: ReferenceError: c is not defined
1516860063955	Marionette	DEBUG	Received DOM event "DOMContentLoaded" for "https://www.baidu.com/s?ie=UTF-8&wd=%E4%B8%96%E7%95%8C%E4%B8%8A%E6%9C%80%E9%AB%98%E7%9A%84%E5%B1%B1%E5%B3%B0%E6%98%AF"
1516860064764	Marionette	DEBUG	Received DOM event "pageshow" for "https://www.baidu.com/s?ie=UTF-8&wd=%E4%B8%96%E7%95%8C%E4%B8%8A%E6%9C%80%E9%AB%98%E7%9A%84%E5%B1%B1%E5%B3%B0%E6%98%AF"
1516860072027	Marionette	DEBUG	Received DOM event "beforeunload" for "https://www.baidu.com/s?ie=UTF-8&wd=%E4%B8%96%E7%95%8C%E4%B8%8A%E6%9C%80%E9%AB%98%E7%9A%84%E5%B1%B1%E5%B3%B0%E6%98%AF"
1516860072253	Marionette	DEBUG	Received DOM event "pagehide" for "https://www.baidu.com/s?ie=UTF-8&wd=%E4%B8%96%E7%95%8C%E4%B8%8A%E6%9C%80%E9%AB%98%E7%9A%84%E5%B1%B1%E5%B3%B0%E6%98%AF"
1516860072254	Marionette	DEBUG	Received DOM event "unload" for "https://www.baidu.com/s?ie=UTF-8&wd=%E4%B8%96%E7%95%8C%E4%B8%8A%E6%9C%80%E9%AB%98%E7%9A%84%E5%B1%B1%E5%B3%B0%E6%98%AF"
1516860072551	Marionette	DEBUG	Received DOM event "DOMContentLoaded" for "https://www.baidu.com/s?ie=UTF-8&wd=%E4%B8%96%E7%95%8C%E4%B8%8A%E6%9C%80%E9%AB%98%E7%9A%84%E5%B1%B1%E5%B3%B0%E6%98%AF"
1516860101618	Marionette	DEBUG	Received observer notification "outer-window-destroyed" for "4294967297"
[Parent 19728] WARNING: pipe error: 109: file z:/build/build/src/ipc/chromium/src/chrome/common/ipc_channel_win.cc, line 346
[Child 12792] WARNING: pipe error: 109: file z:/build/build/src/ipc/chromium/src/chrome/common/ipc_channel_win.cc, line 346
[Child 12792] WARNING: pipe error: 109: file z:/build/build/src/ipc/chromium/src/chrome/common/ipc_channel_win.cc, line 346
*** UTM:SVC TimerManager:registerTimer called after profile-before-change notification. Ignoring timer registration for id: telemetry_modules_ping
[GPU 21512] WARNING: pipe error: 109: file z:/build/build/src/ipc/chromium/src/chrome/common/ipc_channel_win.cc, line 346

###!!! [Child][MessageChannel::SendAndWait] Error: Channel error: cannot send/recv

